<?xml version="1.0" encoding="UTF-8"?>
<testng-results skipped="0" failed="0" total="1" passed="1">
  <reporter-output>
  </reporter-output>
  <suite name="example.NewTest" duration-ms="33510" started-at="2019-12-07T07:25:29Z" finished-at="2019-12-07T07:26:03Z">
    <groups>
    </groups>
    <test name="Command line test" duration-ms="33510" started-at="2019-12-07T07:25:29Z" finished-at="2019-12-07T07:26:03Z">
      <class name="example.NewTest">
        <test-method status="PASS" signature="f()[pri:0, instance:example.NewTest@4e04a765]" name="f" duration-ms="33494" started-at="2019-12-07T12:55:29Z" finished-at="2019-12-07T12:56:03Z">
          <reporter-output>
          </reporter-output>
        </test-method> <!-- f -->
      </class> <!-- example.NewTest -->
    </test> <!-- Command line test -->
  </suite> <!-- example.NewTest -->
</testng-results>
